2026-05-19T00:00:00.046+05:30  INFO 18332 --- [backend] [http-nio-8080-exec-2] c.h.b.l.i.ApiLoggingInterceptor          : Request: GET /api/shift-requests/eligible-peers | IP: 0:0:0:0:0:0:0:1
2026-05-19T00:00:00.073+05:30 ERROR 18332 --- [backend] [http-nio-8080-exec-2] c.h.backend.logger.aspect.LoggingAspect  : Exception in ShiftRequestServiceImpl.getEligiblePeers(..) | Message: Only future or today's shifts are eligible for swaps
2026-05-19T00:00:00.078+05:30  WARN 18332 --- [backend] [http-nio-8080-exec-2] .m.m.a.ExceptionHandlerExceptionResolver : Resolved [com.hwscs.backend.exception.InvalidRequestException: Only future or today's shifts are eligible for swaps]
2026-05-19T00:00:00.079+05:30  INFO 18332 --- [backend] [http-nio-8080-exec-2] c.h.b.l.i.ApiLoggingInterceptor          : Response: GET /api/shift-requests/eligible-peers | Status: 400
2026-05-19T00:00:06.003+05:30  INFO 18332 --- [backend] [http-nio-8080-exec-7] c.h.b.l.i.ApiLoggingInterceptor          : Request: POST /api/shift-requests | IP: 0:0:0:0:0:0:0:1
2026-05-19T00:00:06.018+05:30 ERROR 18332 --- [backend] [http-nio-8080-exec-7] c.h.backend.logger.aspect.LoggingAspect  : Exception in ShiftRequestServiceImpl.createRequest(..) | Message: Only future or today's shifts can be swapped
2026-05-19T00:00:06.021+05:30  WARN 18332 --- [backend] [http-nio-8080-exec-7] .m.m.a.ExceptionHandlerExceptionResolver : Resolved [com.hwscs.backend.exception.InvalidRequestException: Only future or today's shifts can be swapped]
2026-05-19T00:00:06.021+05:30  INFO 18332 --- [backend] [http-nio-8080-exec-7] c.h.b.l.i.ApiLoggingInterceptor          : Response: POST /api/shift-requests | Status: 400
2026-05-19T00:00:12.738+05:30  INFO 18332 --- [backend] [http-nio-8080-exec-6] c.h.b.l.i.ApiLoggingInterceptor          : Request: GET /api/shift-requests/eligible-peers | IP: 0:0:0:0:0:0:0:1
2026-05-19T00:00:12.753+05:30  INFO 18332 --- [backend] [http-nio-8080-exec-6] c.h.backend.logger.aspect.LoggingAspect  : Exiting: ShiftRequestServiceImpl.getEligiblePeers(..) | Result: [EligiblePeerDto [nurseId=2, nurseName=Nurse ICU-N2, nurseShiftId=6, shiftName=Morning, shiftStart=06:00, shiftEnd=14:00, shiftDate=2026-05-19], EligiblePeerDto [nurseId=3, nurseName=Nurse ICU-N3, nurseShiftId=9, shiftName=Evening, shiftStart=14:00, shiftEnd=22:00, shiftDate=2026-05-19], EligiblePeerDto [nurseId=5, nurseName=Nurse ICU-N5, nurseShiftId=15, shiftName=Morning, shiftStart=06:00, shiftEnd=14:00, shiftDate=2026-05-19]]
2026-05-19T00:00:12.763+05:30  INFO 18332 --- [backend] [http-nio-8080-exec-6] c.h.b.l.i.ApiLoggingInterceptor          : Response: GET /api/shift-requests/eligible-peers | Status: 200
2026-05-19T00:00:16.077+05:30  INFO 18332 --- [backend] [http-nio-8080-exec-5] c.h.b.l.i.ApiLoggingInterceptor          : Request: GET /api/shift-requests/eligible-peers | IP: 0:0:0:0:0:0:0:1
2026-05-19T00:00:16.087+05:30 ERROR 18332 --- [backend] [http-nio-8080-exec-5] c.h.backend.logger.aspect.LoggingAspect  : Exception in ShiftRequestServiceImpl.getEligiblePeers(..) | Message: Only future or today's shifts are eligible for swaps
2026-05-19T00:00:16.089+05:30  WARN 18332 --- [backend] [http-nio-8080-exec-5] .m.m.a.ExceptionHandlerExceptionResolver : Resolved [com.hwscs.backend.exception.InvalidRequestException: Only future or today's shifts are eligible for swaps]
2026-05-19T00:00:16.090+05:30  INFO 18332 --- [backend] [http-nio-8080-exec-5] c.h.b.l.i.ApiLoggingInterceptor          : Response: GET /api/shift-requests/eligible-peers | Status: 400
2026-05-19T00:00:20.913+05:30  INFO 18332 --- [backend] [http-nio-8080-exec-8] c.h.b.l.i.ApiLoggingInterceptor          : Request: POST /api/shift-requests | IP: 0:0:0:0:0:0:0:1
2026-05-19T00:00:20.921+05:30 ERROR 18332 --- [backend] [http-nio-8080-exec-8] c.h.backend.logger.aspect.LoggingAspect  : Exception in ShiftRequestServiceImpl.createRequest(..) | Message: Only future or today's shifts can be swapped
2026-05-19T00:00:20.923+05:30  WARN 18332 --- [backend] [http-nio-8080-exec-8] .m.m.a.ExceptionHandlerExceptionResolver : Resolved [com.hwscs.backend.exception.InvalidRequestException: Only future or today's shifts can be swapped]
2026-05-19T00:00:20.923+05:30  INFO 18332 --- [backend] [http-nio-8080-exec-8] c.h.b.l.i.ApiLoggingInterceptor          : Response: POST /api/shift-requests | Status: 400
2026-05-19T00:00:22.537+05:30  INFO 18332 --- [backend] [http-nio-8080-exec-9] c.h.b.l.i.ApiLoggingInterceptor          : Request: POST /api/shift-requests | IP: 0:0:0:0:0:0:0:1
2026-05-19T00:00:22.548+05:30 ERROR 18332 --- [backend] [http-nio-8080-exec-9] c.h.backend.logger.aspect.LoggingAspect  : Exception in ShiftRequestServiceImpl.createRequest(..) | Message: Only future or today's shifts can be swapped
2026-05-19T00:00:22.551+05:30  WARN 18332 --- [backend] [http-nio-8080-exec-9] .m.m.a.ExceptionHandlerExceptionResolver : Resolved [com.hwscs.backend.exception.InvalidRequestException: Only future or today's shifts can be swapped]
2026-05-19T00:00:22.552+05:30  INFO 18332 --- [backend] [http-nio-8080-exec-9] c.h.b.l.i.ApiLoggingInterceptor          : Response: POST /api/shift-requests | Status: 400
2026-05-19T00:00:25.133+05:30  INFO 18332 --- [backend] [http-nio-8080-exec-10] c.h.b.l.i.ApiLoggingInterceptor          : Request: GET /api/shift-requests/eligible-peers | IP: 0:0:0:0:0:0:0:1
2026-05-19T00:00:25.150+05:30  INFO 18332 --- [backend] [http-nio-8080-exec-10] c.h.backend.logger.aspect.LoggingAspect  : Exiting: ShiftRequestServiceImpl.getEligiblePeers(..) | Result: [EligiblePeerDto [nurseId=2, nurseName=Nurse ICU-N2, nurseShiftId=6, shiftName=Morning, shiftStart=06:00, shiftEnd=14:00, shiftDate=2026-05-19], EligiblePeerDto [nurseId=3, nurseName=Nurse ICU-N3, nurseShiftId=9, shiftName=Evening, shiftStart=14:00, shiftEnd=22:00, shiftDate=2026-05-19], EligiblePeerDto [nurseId=5, nurseName=Nurse ICU-N5, nurseShiftId=15, shiftName=Morning, shiftStart=06:00, shiftEnd=14:00, shiftDate=2026-05-19]]
2026-05-19T00:00:25.152+05:30  INFO 18332 --- [backend] [http-nio-8080-exec-10] c.h.b.l.i.ApiLoggingInterceptor          : Response: GET /api/shift-requests/eligible-peers | Status: 200
2026-05-19T00:00:27.295+05:30  INFO 18332 --- [backend] [http-nio-8080-exec-1] c.h.b.l.i.ApiLoggingInterceptor          : Request: POST /api/shift-requests | IP: 0:0:0:0:0:0:0:1
2026-05-19T00:00:27.317+05:30  INFO 18332 --- [backend] [http-nio-8080-exec-1] c.h.backend.logger.aspect.LoggingAspect  : Exiting: ShiftRequestServiceImpl.createRequest(..) | Result: ShiftRequestResponseDto [id=1, status=PENDING_PEER, remarks=Shift swap request from nurse dashboard, createdAt=2026-05-19T00:00:27.312941900, requesterNurseId=1, requesterNurseName=Nurse ICU-N1, requesterShiftDate=2026-05-19, requesterShiftName=Night, requesterShiftStart=22:00, requesterShiftEnd=06:00, peerNurseId=2, peerNurseName=Nurse ICU-N2, peerShiftDate=2026-05-19, peerShiftName=Morning, peerShiftStart=06:00, peerShiftEnd=14:00]
2026-05-19T00:00:27.323+05:30  INFO 18332 --- [backend] [http-nio-8080-exec-1] c.h.b.l.i.ApiLoggingInterceptor          : Response: POST /api/shift-requests | Status: 200
2026-05-19T00:00:27.340+05:30  INFO 18332 --- [backend] [http-nio-8080-exec-4] c.h.b.l.i.ApiLoggingInterceptor          : Request: GET /api/shift-requests/my-requests | IP: 0:0:0:0:0:0:0:1
2026-05-19T00:00:27.350+05:30  INFO 18332 --- [backend] [http-nio-8080-exec-4] c.h.backend.logger.aspect.LoggingAspect  : Exiting: ShiftRequestServiceImpl.getMyRequests(..) | Result: [ShiftRequestResponseDto [id=1, status=PENDING_PEER, remarks=Shift swap request from nurse dashboard, createdAt=2026-05-19T00:00:27.312942, requesterNurseId=1, requesterNurseName=Nurse ICU-N1, requesterShiftDate=2026-05-19, requesterShiftName=Night, requesterShiftStart=22:00, requesterShiftEnd=06:00, peerNurseId=2, peerNurseName=Nurse ICU-N2, peerShiftDate=2026-05-19, peerShiftName=Morning, peerShiftStart=06:00, peerShiftEnd=14:00]]
2026-05-19T00:00:27.352+05:30  INFO 18332 --- [backend] [http-nio-8080-exec-4] c.h.b.l.i.ApiLoggingInterceptor          : Response: GET /api/shift-requests/my-requests | Status: 200
2026-05-19T00:00:31.811+05:30  INFO 18332 --- [backend] [http-nio-8080-exec-3] c.h.b.l.i.ApiLoggingInterceptor          : Request: GET /api/nurses/me/shifts | IP: 0:0:0:0:0:0:0:1
2026-05-19T00:00:31.821+05:30  INFO 18332 --- [backend] [http-nio-8080-exec-3] c.h.backend.logger.aspect.LoggingAspect  : Exiting: NurseServiceImpl.getMyShifts(..) | Result: [NurseShiftResponseDto [id=1, nurseId=1, nurseFullName=Nurse ICU-N1, shiftDate=2026-05-17, shiftName=Morning, startTime=06:00, endTime=14:00, isSwapped=false], NurseShiftResponseDto [id=2, nurseId=1, nurseFullName=Nurse ICU-N1, shiftDate=2026-05-18, shiftName=Evening, startTime=14:00, endTime=22:00, isSwapped=false], NurseShiftResponseDto [id=3, nurseId=1, nurseFullName=Nurse ICU-N1, shiftDate=2026-05-19, shiftName=Night, startTime=22:00, endTime=06:00, isSwapped=false]]
2026-05-19T00:00:31.822+05:30  INFO 18332 --- [backend] [http-nio-8080-exec-3] c.h.b.l.i.ApiLoggingInterceptor          : Response: GET /api/nurses/me/shifts | Status: 200
2026-05-19T00:00:34.341+05:30  INFO 18332 --- [backend] [http-nio-8080-exec-2] c.h.b.l.i.ApiLoggingInterceptor          : Request: GET /api/nurses/me | IP: 0:0:0:0:0:0:0:1
2026-05-19T00:00:34.343+05:30  INFO 18332 --- [backend] [http-nio-8080-exec-2] c.h.backend.logger.aspect.LoggingAspect  : Exiting: NurseServiceImpl.getMyProfile(..) | Result: NurseResponseDto [id=1, employeeCode=ICU-N001, fullName=Nurse ICU-N1, nurseType=PERMANENT, contactPhone=9876510001, contactEmail=icu-n1@hospital.com, departmentName=ICU, username=icu-n1]
2026-05-19T00:00:34.346+05:30  INFO 18332 --- [backend] [http-nio-8080-exec-2] c.h.b.l.i.ApiLoggingInterceptor          : Response: GET /api/nurses/me | Status: 200
2026-05-19T00:00:36.957+05:30  INFO 18332 --- [backend] [http-nio-8080-exec-7] c.h.b.l.i.ApiLoggingInterceptor          : Request: GET /api/dashboard/nurse | IP: 0:0:0:0:0:0:0:1
2026-05-19T00:00:36.965+05:30  INFO 18332 --- [backend] [http-nio-8080-exec-7] c.h.backend.logger.aspect.LoggingAspect  : Exiting: NurseServiceImpl.mapToDto(..) | Result: NurseShiftResponseDto [id=3, nurseId=1, nurseFullName=Nurse ICU-N1, shiftDate=2026-05-19, shiftName=Night, startTime=22:00, endTime=06:00, isSwapped=false]
2026-05-19T00:00:36.966+05:30  INFO 18332 --- [backend] [http-nio-8080-exec-7] c.h.backend.logger.aspect.LoggingAspect  : Exiting: ShiftRequestServiceImpl.mapToDto(..) | Result: ShiftRequestResponseDto [id=1, status=PENDING_PEER, remarks=Shift swap request from nurse dashboard, createdAt=2026-05-19T00:00:27.312942, requesterNurseId=1, requesterNurseName=Nurse ICU-N1, requesterShiftDate=2026-05-19, requesterShiftName=Night, requesterShiftStart=22:00, requesterShiftEnd=06:00, peerNurseId=2, peerNurseName=Nurse ICU-N2, peerShiftDate=2026-05-19, peerShiftName=Morning, peerShiftStart=06:00, peerShiftEnd=14:00]
2026-05-19T00:00:36.966+05:30  INFO 18332 --- [backend] [http-nio-8080-exec-7] c.h.backend.logger.aspect.LoggingAspect  : Exiting: DashboardServiceImpl.getNurseDashboard(..) | Result: NurseDashboardDto [upcomingShiftCount=1, pendingRequestCount=1, approvedSwapCount=0, upcomingShifts=[NurseShiftResponseDto [id=3, nurseId=1, nurseFullName=Nurse ICU-N1, shiftDate=2026-05-19, shiftName=Night, startTime=22:00, endTime=06:00, isSwapped=false]], recentRequests=[ShiftRequestResponseDto [id=1, status=PENDING_PEER, remarks=Shift swap request from nurse dashboard, createdAt=2026-05-19T00:00:27.312942, requesterNurseId=1, requesterNurseName=Nurse ICU-N1, requesterShiftDate=2026-05-19, requesterShiftName=Night, requesterShiftStart=22:00, requesterShiftEnd=06:00, peerNurseId=2, peerNurseName=Nurse ICU-N2, peerShiftDate=2026-05-19, peerShiftName=Morning, peerShiftStart=06:00, peerShiftEnd=14:00]]]
2026-05-19T00:00:36.967+05:30  INFO 18332 --- [backend] [http-nio-8080-exec-7] c.h.b.l.i.ApiLoggingInterceptor          : Response: GET /api/dashboard/nurse | Status: 200
2026-05-19T00:00:43.445+05:30  INFO 18332 --- [backend] [http-nio-8080-exec-6] c.h.b.l.i.ApiLoggingInterceptor          : Request: GET /api/nurses/me/shifts | IP: 0:0:0:0:0:0:0:1
2026-05-19T00:00:43.451+05:30  INFO 18332 --- [backend] [http-nio-8080-exec-6] c.h.backend.logger.aspect.LoggingAspect  : Exiting: NurseServiceImpl.getMyShifts(..) | Result: [NurseShiftResponseDto [id=1, nurseId=1, nurseFullName=Nurse ICU-N1, shiftDate=2026-05-17, shiftName=Morning, startTime=06:00, endTime=14:00, isSwapped=false], NurseShiftResponseDto [id=2, nurseId=1, nurseFullName=Nurse ICU-N1, shiftDate=2026-05-18, shiftName=Evening, startTime=14:00, endTime=22:00, isSwapped=false], NurseShiftResponseDto [id=3, nurseId=1, nurseFullName=Nurse ICU-N1, shiftDate=2026-05-19, shiftName=Night, startTime=22:00, endTime=06:00, isSwapped=false]]
2026-05-19T00:00:43.453+05:30  INFO 18332 --- [backend] [http-nio-8080-exec-6] c.h.b.l.i.ApiLoggingInterceptor          : Response: GET /api/nurses/me/shifts | Status: 200
2026-05-19T00:00:46.393+05:30  INFO 18332 --- [backend] [http-nio-8080-exec-5] c.h.b.l.i.ApiLoggingInterceptor          : Request: GET /api/dashboard/nurse | IP: 0:0:0:0:0:0:0:1
2026-05-19T00:00:46.406+05:30  INFO 18332 --- [backend] [http-nio-8080-exec-5] c.h.backend.logger.aspect.LoggingAspect  : Exiting: NurseServiceImpl.mapToDto(..) | Result: NurseShiftResponseDto [id=3, nurseId=1, nurseFullName=Nurse ICU-N1, shiftDate=2026-05-19, shiftName=Night, startTime=22:00, endTime=06:00, isSwapped=false]
2026-05-19T00:00:46.407+05:30  INFO 18332 --- [backend] [http-nio-8080-exec-5] c.h.backend.logger.aspect.LoggingAspect  : Exiting: ShiftRequestServiceImpl.mapToDto(..) | Result: ShiftRequestResponseDto [id=1, status=PENDING_PEER, remarks=Shift swap request from nurse dashboard, createdAt=2026-05-19T00:00:27.312942, requesterNurseId=1, requesterNurseName=Nurse ICU-N1, requesterShiftDate=2026-05-19, requesterShiftName=Night, requesterShiftStart=22:00, requesterShiftEnd=06:00, peerNurseId=2, peerNurseName=Nurse ICU-N2, peerShiftDate=2026-05-19, peerShiftName=Morning, peerShiftStart=06:00, peerShiftEnd=14:00]
2026-05-19T00:00:46.407+05:30  INFO 18332 --- [backend] [http-nio-8080-exec-5] c.h.backend.logger.aspect.LoggingAspect  : Exiting: DashboardServiceImpl.getNurseDashboard(..) | Result: NurseDashboardDto [upcomingShiftCount=1, pendingRequestCount=1, approvedSwapCount=0, upcomingShifts=[NurseShiftResponseDto [id=3, nurseId=1, nurseFullName=Nurse ICU-N1, shiftDate=2026-05-19, shiftName=Night, startTime=22:00, endTime=06:00, isSwapped=false]], recentRequests=[ShiftRequestResponseDto [id=1, status=PENDING_PEER, remarks=Shift swap request from nurse dashboard, createdAt=2026-05-19T00:00:27.312942, requesterNurseId=1, requesterNurseName=Nurse ICU-N1, requesterShiftDate=2026-05-19, requesterShiftName=Night, requesterShiftStart=22:00, requesterShiftEnd=06:00, peerNurseId=2, peerNurseName=Nurse ICU-N2, peerShiftDate=2026-05-19, peerShiftName=Morning, peerShiftStart=06:00, peerShiftEnd=14:00]]]
2026-05-19T00:00:46.408+05:30  INFO 18332 --- [backend] [http-nio-8080-exec-5] c.h.b.l.i.ApiLoggingInterceptor          : Response: GET /api/dashboard/nurse | Status: 200
2026-05-19T00:01:22.133+05:30  INFO 18332 --- [backend] [http-nio-8080-exec-8] c.h.b.l.i.ApiLoggingInterceptor          : Request: POST /api/auth/login | IP: 0:0:0:0:0:0:0:1
2026-05-19T00:01:22.228+05:30  INFO 18332 --- [backend] [http-nio-8080-exec-8] c.h.backend.logger.aspect.LoggingAspect  : Exiting: LoginAttempServiceImpl.loginSucceeded(..) | Result: null
2026-05-19T00:01:22.230+05:30  INFO 18332 --- [backend] [http-nio-8080-exec-8] c.h.backend.logger.aspect.LoggingAspect  : Exiting: AuthServiceImpl.login(..) | Result: com.hwscs.backend.dto.response.LoginResponseDto@75cce206
2026-05-19T00:01:22.232+05:30  INFO 18332 --- [backend] [http-nio-8080-exec-8] c.h.b.l.i.ApiLoggingInterceptor          : Response: POST /api/auth/login | Status: 200
2026-05-19T00:01:35.987+05:30  INFO 18332 --- [backend] [http-nio-8080-exec-9] c.h.b.l.i.ApiLoggingInterceptor          : Request: PUT /api/profile/change-password | IP: 0:0:0:0:0:0:0:1
2026-05-19T00:01:36.221+05:30  INFO 18332 --- [backend] [http-nio-8080-exec-9] c.h.backend.logger.aspect.LoggingAspect  : Exiting: ProfileServiceImpl.changePassword(..) | Result: null
2026-05-19T00:01:36.227+05:30  INFO 18332 --- [backend] [http-nio-8080-exec-9] c.h.b.l.i.ApiLoggingInterceptor          : Response: PUT /api/profile/change-password | Status: 200
2026-05-19T00:01:43.932+05:30  INFO 18332 --- [backend] [http-nio-8080-exec-10] c.h.b.l.i.ApiLoggingInterceptor          : Request: POST /api/auth/login | IP: 0:0:0:0:0:0:0:1
2026-05-19T00:01:44.038+05:30  INFO 18332 --- [backend] [http-nio-8080-exec-10] c.h.backend.logger.aspect.LoggingAspect  : Exiting: LoginAttempServiceImpl.loginFailed(..) | Result: null
2026-05-19T00:01:44.038+05:30 ERROR 18332 --- [backend] [http-nio-8080-exec-10] c.h.backend.logger.aspect.LoggingAspect  : Exception in AuthServiceImpl.login(..) | Message: Invalid Username or Password
2026-05-19T00:01:44.040+05:30  WARN 18332 --- [backend] [http-nio-8080-exec-10] .m.m.a.ExceptionHandlerExceptionResolver : Resolved [com.hwscs.backend.exception.InvalidRequestException: Invalid Username or Password]
2026-05-19T00:01:44.041+05:30  INFO 18332 --- [backend] [http-nio-8080-exec-10] c.h.b.l.i.ApiLoggingInterceptor          : Response: POST /api/auth/login | Status: 400
2026-05-19T00:01:52.373+05:30  INFO 18332 --- [backend] [http-nio-8080-exec-1] c.h.b.l.i.ApiLoggingInterceptor          : Request: POST /api/auth/login | IP: 0:0:0:0:0:0:0:1
2026-05-19T00:01:52.481+05:30  INFO 18332 --- [backend] [http-nio-8080-exec-1] c.h.backend.logger.aspect.LoggingAspect  : Exiting: LoginAttempServiceImpl.loginSucceeded(..) | Result: null
2026-05-19T00:01:52.484+05:30  INFO 18332 --- [backend] [http-nio-8080-exec-1] c.h.backend.logger.aspect.LoggingAspect  : Exiting: AuthServiceImpl.login(..) | Result: com.hwscs.backend.dto.response.LoginResponseDto@6c4edf0c
2026-05-19T00:01:52.486+05:30  INFO 18332 --- [backend] [http-nio-8080-exec-1] c.h.b.l.i.ApiLoggingInterceptor          : Response: POST /api/auth/login | Status: 200
2026-05-19T00:01:52.534+05:30  INFO 18332 --- [backend] [http-nio-8080-exec-4] c.h.b.l.i.ApiLoggingInterceptor          : Request: GET /api/dashboard/nurse | IP: 0:0:0:0:0:0:0:1
2026-05-19T00:01:52.544+05:30  INFO 18332 --- [backend] [http-nio-8080-exec-4] c.h.backend.logger.aspect.LoggingAspect  : Exiting: NurseServiceImpl.mapToDto(..) | Result: NurseShiftResponseDto [id=6, nurseId=2, nurseFullName=Nurse ICU-N2, shiftDate=2026-05-19, shiftName=Morning, startTime=06:00, endTime=14:00, isSwapped=false]
2026-05-19T00:01:52.544+05:30  INFO 18332 --- [backend] [http-nio-8080-exec-4] c.h.backend.logger.aspect.LoggingAspect  : Exiting: ShiftRequestServiceImpl.mapToDto(..) | Result: ShiftRequestResponseDto [id=1, status=PENDING_PEER, remarks=Shift swap request from nurse dashboard, createdAt=2026-05-19T00:00:27.312942, requesterNurseId=1, requesterNurseName=Nurse ICU-N1, requesterShiftDate=2026-05-19, requesterShiftName=Night, requesterShiftStart=22:00, requesterShiftEnd=06:00, peerNurseId=2, peerNurseName=Nurse ICU-N2, peerShiftDate=2026-05-19, peerShiftName=Morning, peerShiftStart=06:00, peerShiftEnd=14:00]
2026-05-19T00:01:52.545+05:30  INFO 18332 --- [backend] [http-nio-8080-exec-4] c.h.backend.logger.aspect.LoggingAspect  : Exiting: DashboardServiceImpl.getNurseDashboard(..) | Result: NurseDashboardDto [upcomingShiftCount=1, pendingRequestCount=1, approvedSwapCount=0, upcomingShifts=[NurseShiftResponseDto [id=6, nurseId=2, nurseFullName=Nurse ICU-N2, shiftDate=2026-05-19, shiftName=Morning, startTime=06:00, endTime=14:00, isSwapped=false]], recentRequests=[ShiftRequestResponseDto [id=1, status=PENDING_PEER, remarks=Shift swap request from nurse dashboard, createdAt=2026-05-19T00:00:27.312942, requesterNurseId=1, requesterNurseName=Nurse ICU-N1, requesterShiftDate=2026-05-19, requesterShiftName=Night, requesterShiftStart=22:00, requesterShiftEnd=06:00, peerNurseId=2, peerNurseName=Nurse ICU-N2, peerShiftDate=2026-05-19, peerShiftName=Morning, peerShiftStart=06:00, peerShiftEnd=14:00]]]
2026-05-19T00:01:52.546+05:30  INFO 18332 --- [backend] [http-nio-8080-exec-4] c.h.b.l.i.ApiLoggingInterceptor          : Response: GET /api/dashboard/nurse | Status: 200
2026-05-19T00:01:58.130+05:30  INFO 18332 --- [backend] [http-nio-8080-exec-3] c.h.b.l.i.ApiLoggingInterceptor          : Request: GET /api/nurses/me/shifts | IP: 0:0:0:0:0:0:0:1
2026-05-19T00:01:58.137+05:30  INFO 18332 --- [backend] [http-nio-8080-exec-3] c.h.backend.logger.aspect.LoggingAspect  : Exiting: NurseServiceImpl.getMyShifts(..) | Result: [NurseShiftResponseDto [id=4, nurseId=2, nurseFullName=Nurse ICU-N2, shiftDate=2026-05-17, shiftName=Evening, startTime=14:00, endTime=22:00, isSwapped=false], NurseShiftResponseDto [id=5, nurseId=2, nurseFullName=Nurse ICU-N2, shiftDate=2026-05-18, shiftName=Night, startTime=22:00, endTime=06:00, isSwapped=false], NurseShiftResponseDto [id=6, nurseId=2, nurseFullName=Nurse ICU-N2, shiftDate=2026-05-19, shiftName=Morning, startTime=06:00, endTime=14:00, isSwapped=false]]
2026-05-19T00:01:58.140+05:30  INFO 18332 --- [backend] [http-nio-8080-exec-3] c.h.b.l.i.ApiLoggingInterceptor          : Response: GET /api/nurses/me/shifts | Status: 200
2026-05-19T00:02:00.147+05:30  INFO 18332 --- [backend] [http-nio-8080-exec-2] c.h.b.l.i.ApiLoggingInterceptor          : Request: GET /api/nurses/me/shifts | IP: 0:0:0:0:0:0:0:1
2026-05-19T00:02:00.147+05:30  INFO 18332 --- [backend] [http-nio-8080-exec-7] c.h.b.l.i.ApiLoggingInterceptor          : Request: GET /api/nurses/me | IP: 0:0:0:0:0:0:0:1
2026-05-19T00:02:00.153+05:30  INFO 18332 --- [backend] [http-nio-8080-exec-7] c.h.backend.logger.aspect.LoggingAspect  : Exiting: NurseServiceImpl.getMyProfile(..) | Result: NurseResponseDto [id=2, employeeCode=ICU-N002, fullName=Nurse ICU-N2, nurseType=CONTRACTUAL, contactPhone=9876510002, contactEmail=icu-n2@hospital.com, departmentName=ICU, username=icu-n2]
2026-05-19T00:02:00.157+05:30  INFO 18332 --- [backend] [http-nio-8080-exec-7] c.h.b.l.i.ApiLoggingInterceptor          : Response: GET /api/nurses/me | Status: 200
2026-05-19T00:02:00.159+05:30  INFO 18332 --- [backend] [http-nio-8080-exec-2] c.h.backend.logger.aspect.LoggingAspect  : Exiting: NurseServiceImpl.getMyShifts(..) | Result: [NurseShiftResponseDto [id=4, nurseId=2, nurseFullName=Nurse ICU-N2, shiftDate=2026-05-17, shiftName=Evening, startTime=14:00, endTime=22:00, isSwapped=false], NurseShiftResponseDto [id=5, nurseId=2, nurseFullName=Nurse ICU-N2, shiftDate=2026-05-18, shiftName=Night, startTime=22:00, endTime=06:00, isSwapped=false], NurseShiftResponseDto [id=6, nurseId=2, nurseFullName=Nurse ICU-N2, shiftDate=2026-05-19, shiftName=Morning, startTime=06:00, endTime=14:00, isSwapped=false]]
2026-05-19T00:02:00.160+05:30  INFO 18332 --- [backend] [http-nio-8080-exec-2] c.h.b.l.i.ApiLoggingInterceptor          : Response: GET /api/nurses/me/shifts | Status: 200
2026-05-19T00:02:00.173+05:30  INFO 18332 --- [backend] [http-nio-8080-exec-6] c.h.b.l.i.ApiLoggingInterceptor          : Request: GET /api/shift-requests/my-requests | IP: 0:0:0:0:0:0:0:1
2026-05-19T00:02:00.177+05:30  INFO 18332 --- [backend] [http-nio-8080-exec-6] c.h.backend.logger.aspect.LoggingAspect  : Exiting: ShiftRequestServiceImpl.getMyRequests(..) | Result: [ShiftRequestResponseDto [id=1, status=PENDING_PEER, remarks=Shift swap request from nurse dashboard, createdAt=2026-05-19T00:00:27.312942, requesterNurseId=1, requesterNurseName=Nurse ICU-N1, requesterShiftDate=2026-05-19, requesterShiftName=Night, requesterShiftStart=22:00, requesterShiftEnd=06:00, peerNurseId=2, peerNurseName=Nurse ICU-N2, peerShiftDate=2026-05-19, peerShiftName=Morning, peerShiftStart=06:00, peerShiftEnd=14:00]]
2026-05-19T00:02:00.178+05:30  INFO 18332 --- [backend] [http-nio-8080-exec-6] c.h.b.l.i.ApiLoggingInterceptor          : Response: GET /api/shift-requests/my-requests | Status: 200
2026-05-19T00:02:02.007+05:30  INFO 18332 --- [backend] [http-nio-8080-exec-5] c.h.b.l.i.ApiLoggingInterceptor          : Request: GET /api/dashboard/nurse | IP: 0:0:0:0:0:0:0:1
2026-05-19T00:02:02.013+05:30  INFO 18332 --- [backend] [http-nio-8080-exec-5] c.h.backend.logger.aspect.LoggingAspect  : Exiting: NurseServiceImpl.mapToDto(..) | Result: NurseShiftResponseDto [id=6, nurseId=2, nurseFullName=Nurse ICU-N2, shiftDate=2026-05-19, shiftName=Morning, startTime=06:00, endTime=14:00, isSwapped=false]
2026-05-19T00:02:02.015+05:30  INFO 18332 --- [backend] [http-nio-8080-exec-5] c.h.backend.logger.aspect.LoggingAspect  : Exiting: ShiftRequestServiceImpl.mapToDto(..) | Result: ShiftRequestResponseDto [id=1, status=PENDING_PEER, remarks=Shift swap request from nurse dashboard, createdAt=2026-05-19T00:00:27.312942, requesterNurseId=1, requesterNurseName=Nurse ICU-N1, requesterShiftDate=2026-05-19, requesterShiftName=Night, requesterShiftStart=22:00, requesterShiftEnd=06:00, peerNurseId=2, peerNurseName=Nurse ICU-N2, peerShiftDate=2026-05-19, peerShiftName=Morning, peerShiftStart=06:00, peerShiftEnd=14:00]
2026-05-19T00:02:02.016+05:30  INFO 18332 --- [backend] [http-nio-8080-exec-5] c.h.backend.logger.aspect.LoggingAspect  : Exiting: DashboardServiceImpl.getNurseDashboard(..) | Result: NurseDashboardDto [upcomingShiftCount=1, pendingRequestCount=1, approvedSwapCount=0, upcomingShifts=[NurseShiftResponseDto [id=6, nurseId=2, nurseFullName=Nurse ICU-N2, shiftDate=2026-05-19, shiftName=Morning, startTime=06:00, endTime=14:00, isSwapped=false]], recentRequests=[ShiftRequestResponseDto [id=1, status=PENDING_PEER, remarks=Shift swap request from nurse dashboard, createdAt=2026-05-19T00:00:27.312942, requesterNurseId=1, requesterNurseName=Nurse ICU-N1, requesterShiftDate=2026-05-19, requesterShiftName=Night, requesterShiftStart=22:00, requesterShiftEnd=06:00, peerNurseId=2, peerNurseName=Nurse ICU-N2, peerShiftDate=2026-05-19, peerShiftName=Morning, peerShiftStart=06:00, peerShiftEnd=14:00]]]
2026-05-19T00:02:02.017+05:30  INFO 18332 --- [backend] [http-nio-8080-exec-5] c.h.b.l.i.ApiLoggingInterceptor          : Response: GET /api/dashboard/nurse | Status: 200
2026-05-19T00:02:10.423+05:30  INFO 18332 --- [backend] [http-nio-8080-exec-8] c.h.b.l.i.ApiLoggingInterceptor          : Request: GET /api/nurses/me/shifts | IP: 0:0:0:0:0:0:0:1
2026-05-19T00:02:10.432+05:30  INFO 18332 --- [backend] [http-nio-8080-exec-8] c.h.backend.logger.aspect.LoggingAspect  : Exiting: NurseServiceImpl.getMyShifts(..) | Result: [NurseShiftResponseDto [id=4, nurseId=2, nurseFullName=Nurse ICU-N2, shiftDate=2026-05-17, shiftName=Evening, startTime=14:00, endTime=22:00, isSwapped=false], NurseShiftResponseDto [id=5, nurseId=2, nurseFullName=Nurse ICU-N2, shiftDate=2026-05-18, shiftName=Night, startTime=22:00, endTime=06:00, isSwapped=false], NurseShiftResponseDto [id=6, nurseId=2, nurseFullName=Nurse ICU-N2, shiftDate=2026-05-19, shiftName=Morning, startTime=06:00, endTime=14:00, isSwapped=false]]
2026-05-19T00:02:10.434+05:30  INFO 18332 --- [backend] [http-nio-8080-exec-8] c.h.b.l.i.ApiLoggingInterceptor          : Response: GET /api/nurses/me/shifts | Status: 200
2026-05-19T00:02:17.380+05:30  INFO 18332 --- [backend] [http-nio-8080-exec-10] c.h.b.l.i.ApiLoggingInterceptor          : Request: GET /api/nurses/me | IP: 0:0:0:0:0:0:0:1
2026-05-19T00:02:17.381+05:30  INFO 18332 --- [backend] [http-nio-8080-exec-9] c.h.b.l.i.ApiLoggingInterceptor          : Request: GET /api/nurses/me/shifts | IP: 0:0:0:0:0:0:0:1
2026-05-19T00:02:17.386+05:30  INFO 18332 --- [backend] [http-nio-8080-exec-10] c.h.backend.logger.aspect.LoggingAspect  : Exiting: NurseServiceImpl.getMyProfile(..) | Result: NurseResponseDto [id=2, employeeCode=ICU-N002, fullName=Nurse ICU-N2, nurseType=CONTRACTUAL, contactPhone=9876510002, contactEmail=icu-n2@hospital.com, departmentName=ICU, username=icu-n2]
2026-05-19T00:02:17.388+05:30  INFO 18332 --- [backend] [http-nio-8080-exec-10] c.h.b.l.i.ApiLoggingInterceptor          : Response: GET /api/nurses/me | Status: 200
2026-05-19T00:02:17.392+05:30  INFO 18332 --- [backend] [http-nio-8080-exec-9] c.h.backend.logger.aspect.LoggingAspect  : Exiting: NurseServiceImpl.getMyShifts(..) | Result: [NurseShiftResponseDto [id=4, nurseId=2, nurseFullName=Nurse ICU-N2, shiftDate=2026-05-17, shiftName=Evening, startTime=14:00, endTime=22:00, isSwapped=false], NurseShiftResponseDto [id=5, nurseId=2, nurseFullName=Nurse ICU-N2, shiftDate=2026-05-18, shiftName=Night, startTime=22:00, endTime=06:00, isSwapped=false], NurseShiftResponseDto [id=6, nurseId=2, nurseFullName=Nurse ICU-N2, shiftDate=2026-05-19, shiftName=Morning, startTime=06:00, endTime=14:00, isSwapped=false]]
2026-05-19T00:02:17.394+05:30  INFO 18332 --- [backend] [http-nio-8080-exec-9] c.h.b.l.i.ApiLoggingInterceptor          : Response: GET /api/nurses/me/shifts | Status: 200
2026-05-19T00:02:17.410+05:30  INFO 18332 --- [backend] [http-nio-8080-exec-1] c.h.b.l.i.ApiLoggingInterceptor          : Request: GET /api/shift-requests/my-requests | IP: 0:0:0:0:0:0:0:1
2026-05-19T00:02:17.420+05:30  INFO 18332 --- [backend] [http-nio-8080-exec-1] c.h.backend.logger.aspect.LoggingAspect  : Exiting: ShiftRequestServiceImpl.getMyRequests(..) | Result: [ShiftRequestResponseDto [id=1, status=PENDING_PEER, remarks=Shift swap request from nurse dashboard, createdAt=2026-05-19T00:00:27.312942, requesterNurseId=1, requesterNurseName=Nurse ICU-N1, requesterShiftDate=2026-05-19, requesterShiftName=Night, requesterShiftStart=22:00, requesterShiftEnd=06:00, peerNurseId=2, peerNurseName=Nurse ICU-N2, peerShiftDate=2026-05-19, peerShiftName=Morning, peerShiftStart=06:00, peerShiftEnd=14:00]]
2026-05-19T00:02:17.423+05:30  INFO 18332 --- [backend] [http-nio-8080-exec-1] c.h.b.l.i.ApiLoggingInterceptor          : Response: GET /api/shift-requests/my-requests | Status: 200
2026-05-19T00:02:19.828+05:30  INFO 18332 --- [backend] [http-nio-8080-exec-4] c.h.b.l.i.ApiLoggingInterceptor          : Request: GET /api/shift-requests/eligible-peers | IP: 0:0:0:0:0:0:0:1
2026-05-19T00:02:19.833+05:30 ERROR 18332 --- [backend] [http-nio-8080-exec-4] c.h.backend.logger.aspect.LoggingAspect  : Exception in ShiftRequestServiceImpl.getEligiblePeers(..) | Message: Only future or today's shifts are eligible for swaps
2026-05-19T00:02:19.835+05:30  WARN 18332 --- [backend] [http-nio-8080-exec-4] .m.m.a.ExceptionHandlerExceptionResolver : Resolved [com.hwscs.backend.exception.InvalidRequestException: Only future or today's shifts are eligible for swaps]
2026-05-19T00:02:19.836+05:30  INFO 18332 --- [backend] [http-nio-8080-exec-4] c.h.b.l.i.ApiLoggingInterceptor          : Response: GET /api/shift-requests/eligible-peers | Status: 400
2026-05-19T00:02:23.342+05:30  INFO 18332 --- [backend] [http-nio-8080-exec-3] c.h.b.l.i.ApiLoggingInterceptor          : Request: GET /api/shift-requests/eligible-peers | IP: 0:0:0:0:0:0:0:1
2026-05-19T00:02:23.357+05:30  INFO 18332 --- [backend] [http-nio-8080-exec-3] c.h.backend.logger.aspect.LoggingAspect  : Exiting: ShiftRequestServiceImpl.getEligiblePeers(..) | Result: [EligiblePeerDto [nurseId=1, nurseName=Nurse ICU-N1, nurseShiftId=3, shiftName=Night, shiftStart=22:00, shiftEnd=06:00, shiftDate=2026-05-19], EligiblePeerDto [nurseId=3, nurseName=Nurse ICU-N3, nurseShiftId=9, shiftName=Evening, shiftStart=14:00, shiftEnd=22:00, shiftDate=2026-05-19], EligiblePeerDto [nurseId=4, nurseName=Nurse ICU-N4, nurseShiftId=12, shiftName=Night, shiftStart=22:00, shiftEnd=06:00, shiftDate=2026-05-19]]
2026-05-19T00:02:23.359+05:30  INFO 18332 --- [backend] [http-nio-8080-exec-3] c.h.b.l.i.ApiLoggingInterceptor          : Response: GET /api/shift-requests/eligible-peers | Status: 200
2026-05-19T00:02:29.061+05:30  INFO 18332 --- [backend] [http-nio-8080-exec-7] c.h.b.l.i.ApiLoggingInterceptor          : Request: POST /api/shift-requests | IP: 0:0:0:0:0:0:0:1
2026-05-19T00:02:29.067+05:30 ERROR 18332 --- [backend] [http-nio-8080-exec-7] c.h.backend.logger.aspect.LoggingAspect  : Exception in ShiftRequestServiceImpl.createRequest(..) | Message: An active request already exists for one of the selected shifts
2026-05-19T00:02:29.070+05:30  WARN 18332 --- [backend] [http-nio-8080-exec-7] .m.m.a.ExceptionHandlerExceptionResolver : Resolved [com.hwscs.backend.exception.InvalidRequestException: An active request already exists for one of the selected shifts]
2026-05-19T00:02:29.070+05:30  INFO 18332 --- [backend] [http-nio-8080-exec-7] c.h.b.l.i.ApiLoggingInterceptor          : Response: POST /api/shift-requests | Status: 400
2026-05-19T00:02:31.472+05:30  INFO 18332 --- [backend] [http-nio-8080-exec-2] c.h.b.l.i.ApiLoggingInterceptor          : Request: POST /api/shift-requests | IP: 0:0:0:0:0:0:0:1
2026-05-19T00:02:31.480+05:30 ERROR 18332 --- [backend] [http-nio-8080-exec-2] c.h.backend.logger.aspect.LoggingAspect  : Exception in ShiftRequestServiceImpl.createRequest(..) | Message: An active request already exists for one of the selected shifts
2026-05-19T00:02:31.482+05:30  WARN 18332 --- [backend] [http-nio-8080-exec-2] .m.m.a.ExceptionHandlerExceptionResolver : Resolved [com.hwscs.backend.exception.InvalidRequestException: An active request already exists for one of the selected shifts]
2026-05-19T00:02:31.482+05:30  INFO 18332 --- [backend] [http-nio-8080-exec-2] c.h.b.l.i.ApiLoggingInterceptor          : Response: POST /api/shift-requests | Status: 400
2026-05-19T00:02:33.284+05:30  INFO 18332 --- [backend] [http-nio-8080-exec-6] c.h.b.l.i.ApiLoggingInterceptor          : Request: POST /api/shift-requests | IP: 0:0:0:0:0:0:0:1
2026-05-19T00:02:33.295+05:30 ERROR 18332 --- [backend] [http-nio-8080-exec-6] c.h.backend.logger.aspect.LoggingAspect  : Exception in ShiftRequestServiceImpl.createRequest(..) | Message: An active request already exists for one of the selected shifts
2026-05-19T00:02:33.297+05:30  WARN 18332 --- [backend] [http-nio-8080-exec-6] .m.m.a.ExceptionHandlerExceptionResolver : Resolved [com.hwscs.backend.exception.InvalidRequestException: An active request already exists for one of the selected shifts]
2026-05-19T00:02:33.297+05:30  INFO 18332 --- [backend] [http-nio-8080-exec-6] c.h.b.l.i.ApiLoggingInterceptor          : Response: POST /api/shift-requests | Status: 400
2026-05-19T00:02:42.991+05:30  INFO 18332 --- [backend] [http-nio-8080-exec-5] c.h.b.l.i.ApiLoggingInterceptor          : Request: PUT /api/shift-requests/peer-response | IP: 0:0:0:0:0:0:0:1
2026-05-19T00:02:43.010+05:30  INFO 18332 --- [backend] [http-nio-8080-exec-5] c.h.backend.logger.aspect.LoggingAspect  : Exiting: ShiftRequestServiceImpl.peerResponse(..) | Result: ShiftRequestResponseDto [id=1, status=PEER_ACCEPTED, remarks=Shift swap request from nurse dashboard, createdAt=2026-05-19T00:00:27.312942, requesterNurseId=1, requesterNurseName=Nurse ICU-N1, requesterShiftDate=2026-05-19, requesterShiftName=Night, requesterShiftStart=22:00, requesterShiftEnd=06:00, peerNurseId=2, peerNurseName=Nurse ICU-N2, peerShiftDate=2026-05-19, peerShiftName=Morning, peerShiftStart=06:00, peerShiftEnd=14:00]
2026-05-19T00:02:43.013+05:30  INFO 18332 --- [backend] [http-nio-8080-exec-5] c.h.b.l.i.ApiLoggingInterceptor          : Response: PUT /api/shift-requests/peer-response | Status: 200
2026-05-19T00:02:43.032+05:30  INFO 18332 --- [backend] [http-nio-8080-exec-8] c.h.b.l.i.ApiLoggingInterceptor          : Request: GET /api/shift-requests/my-requests | IP: 0:0:0:0:0:0:0:1
2026-05-19T00:02:43.047+05:30  INFO 18332 --- [backend] [http-nio-8080-exec-8] c.h.backend.logger.aspect.LoggingAspect  : Exiting: ShiftRequestServiceImpl.getMyRequests(..) | Result: [ShiftRequestResponseDto [id=1, status=PEER_ACCEPTED, remarks=Shift swap request from nurse dashboard, createdAt=2026-05-19T00:00:27.312942, requesterNurseId=1, requesterNurseName=Nurse ICU-N1, requesterShiftDate=2026-05-19, requesterShiftName=Night, requesterShiftStart=22:00, requesterShiftEnd=06:00, peerNurseId=2, peerNurseName=Nurse ICU-N2, peerShiftDate=2026-05-19, peerShiftName=Morning, peerShiftStart=06:00, peerShiftEnd=14:00]]
2026-05-19T00:02:43.048+05:30  INFO 18332 --- [backend] [http-nio-8080-exec-8] c.h.b.l.i.ApiLoggingInterceptor          : Response: GET /api/shift-requests/my-requests | Status: 200
2026-05-19T00:02:56.518+05:30  INFO 18332 --- [backend] [http-nio-8080-exec-10] c.h.b.l.i.ApiLoggingInterceptor          : Request: GET /api/nurses/me/shifts | IP: 0:0:0:0:0:0:0:1
2026-05-19T00:02:56.526+05:30  INFO 18332 --- [backend] [http-nio-8080-exec-10] c.h.backend.logger.aspect.LoggingAspect  : Exiting: NurseServiceImpl.getMyShifts(..) | Result: [NurseShiftResponseDto [id=4, nurseId=2, nurseFullName=Nurse ICU-N2, shiftDate=2026-05-17, shiftName=Evening, startTime=14:00, endTime=22:00, isSwapped=false], NurseShiftResponseDto [id=5, nurseId=2, nurseFullName=Nurse ICU-N2, shiftDate=2026-05-18, shiftName=Night, startTime=22:00, endTime=06:00, isSwapped=false], NurseShiftResponseDto [id=6, nurseId=2, nurseFullName=Nurse ICU-N2, shiftDate=2026-05-19, shiftName=Morning, startTime=06:00, endTime=14:00, isSwapped=false]]
2026-05-19T00:02:56.528+05:30  INFO 18332 --- [backend] [http-nio-8080-exec-10] c.h.b.l.i.ApiLoggingInterceptor          : Response: GET /api/nurses/me/shifts | Status: 200
2026-05-19T00:03:17.249+05:30  INFO 18332 --- [backend] [http-nio-8080-exec-9] c.h.b.l.i.ApiLoggingInterceptor          : Request: GET /api/nurses/me | IP: 0:0:0:0:0:0:0:1
2026-05-19T00:03:17.252+05:30  INFO 18332 --- [backend] [http-nio-8080-exec-9] c.h.backend.logger.aspect.LoggingAspect  : Exiting: NurseServiceImpl.getMyProfile(..) | Result: NurseResponseDto [id=2, employeeCode=ICU-N002, fullName=Nurse ICU-N2, nurseType=CONTRACTUAL, contactPhone=9876510002, contactEmail=icu-n2@hospital.com, departmentName=ICU, username=icu-n2]
2026-05-19T00:03:17.256+05:30  INFO 18332 --- [backend] [http-nio-8080-exec-9] c.h.b.l.i.ApiLoggingInterceptor          : Response: GET /api/nurses/me | Status: 200
2026-05-19T00:03:18.308+05:30  INFO 18332 --- [backend] [http-nio-8080-exec-1] c.h.b.l.i.ApiLoggingInterceptor          : Request: GET /api/nurses/me/shifts | IP: 0:0:0:0:0:0:0:1
2026-05-19T00:03:18.316+05:30  INFO 18332 --- [backend] [http-nio-8080-exec-1] c.h.backend.logger.aspect.LoggingAspect  : Exiting: NurseServiceImpl.getMyShifts(..) | Result: [NurseShiftResponseDto [id=4, nurseId=2, nurseFullName=Nurse ICU-N2, shiftDate=2026-05-17, shiftName=Evening, startTime=14:00, endTime=22:00, isSwapped=false], NurseShiftResponseDto [id=5, nurseId=2, nurseFullName=Nurse ICU-N2, shiftDate=2026-05-18, shiftName=Night, startTime=22:00, endTime=06:00, isSwapped=false], NurseShiftResponseDto [id=6, nurseId=2, nurseFullName=Nurse ICU-N2, shiftDate=2026-05-19, shiftName=Morning, startTime=06:00, endTime=14:00, isSwapped=false]]
2026-05-19T00:03:18.317+05:30  INFO 18332 --- [backend] [http-nio-8080-exec-1] c.h.b.l.i.ApiLoggingInterceptor          : Response: GET /api/nurses/me/shifts | Status: 200
2026-05-19T00:03:33.042+05:30  INFO 18332 --- [backend] [http-nio-8080-exec-4] c.h.b.l.i.ApiLoggingInterceptor          : Request: POST /api/auth/login | IP: 0:0:0:0:0:0:0:1
2026-05-19T00:03:33.158+05:30  INFO 18332 --- [backend] [http-nio-8080-exec-4] c.h.backend.logger.aspect.LoggingAspect  : Exiting: LoginAttempServiceImpl.loginSucceeded(..) | Result: null
2026-05-19T00:03:33.161+05:30  INFO 18332 --- [backend] [http-nio-8080-exec-4] c.h.backend.logger.aspect.LoggingAspect  : Exiting: AuthServiceImpl.login(..) | Result: com.hwscs.backend.dto.response.LoginResponseDto@5596db5a
2026-05-19T00:03:33.162+05:30  INFO 18332 --- [backend] [http-nio-8080-exec-4] c.h.b.l.i.ApiLoggingInterceptor          : Response: POST /api/auth/login | Status: 200
2026-05-19T00:03:47.596+05:30  INFO 18332 --- [backend] [http-nio-8080-exec-3] c.h.b.l.i.ApiLoggingInterceptor          : Request: PUT /api/profile/change-password | IP: 0:0:0:0:0:0:0:1
2026-05-19T00:03:47.812+05:30  INFO 18332 --- [backend] [http-nio-8080-exec-3] c.h.backend.logger.aspect.LoggingAspect  : Exiting: ProfileServiceImpl.changePassword(..) | Result: null
2026-05-19T00:03:47.815+05:30  INFO 18332 --- [backend] [http-nio-8080-exec-3] c.h.b.l.i.ApiLoggingInterceptor          : Response: PUT /api/profile/change-password | Status: 200
2026-05-19T00:03:57.699+05:30  INFO 18332 --- [backend] [http-nio-8080-exec-7] c.h.b.l.i.ApiLoggingInterceptor          : Request: POST /api/auth/login | IP: 0:0:0:0:0:0:0:1
2026-05-19T00:03:57.799+05:30  INFO 18332 --- [backend] [http-nio-8080-exec-7] c.h.backend.logger.aspect.LoggingAspect  : Exiting: LoginAttempServiceImpl.loginSucceeded(..) | Result: null
2026-05-19T00:03:57.801+05:30  INFO 18332 --- [backend] [http-nio-8080-exec-7] c.h.backend.logger.aspect.LoggingAspect  : Exiting: AuthServiceImpl.login(..) | Result: com.hwscs.backend.dto.response.LoginResponseDto@dd24bc6
2026-05-19T00:03:57.802+05:30  INFO 18332 --- [backend] [http-nio-8080-exec-7] c.h.b.l.i.ApiLoggingInterceptor          : Response: POST /api/auth/login | Status: 200
2026-05-19T00:03:57.836+05:30  INFO 18332 --- [backend] [http-nio-8080-exec-2] c.h.b.l.i.ApiLoggingInterceptor          : Request: GET /api/dashboard/incharge | IP: 0:0:0:0:0:0:0:1
2026-05-19T00:03:57.856+05:30  INFO 18332 --- [backend] [http-nio-8080-exec-2] c.h.backend.logger.aspect.LoggingAspect  : Exiting: NurseServiceImpl.mapShiftToDto(..) | Result: NurseShiftResponseDto [id=3, nurseId=1, nurseFullName=Nurse ICU-N1, shiftDate=2026-05-19, shiftName=Night, startTime=22:00, endTime=06:00, isSwapped=false]
2026-05-19T00:03:57.857+05:30  INFO 18332 --- [backend] [http-nio-8080-exec-2] c.h.backend.logger.aspect.LoggingAspect  : Exiting: NurseServiceImpl.mapShiftToDto(..) | Result: NurseShiftResponseDto [id=6, nurseId=2, nurseFullName=Nurse ICU-N2, shiftDate=2026-05-19, shiftName=Morning, startTime=06:00, endTime=14:00, isSwapped=false]
2026-05-19T00:03:57.857+05:30  INFO 18332 --- [backend] [http-nio-8080-exec-2] c.h.backend.logger.aspect.LoggingAspect  : Exiting: NurseServiceImpl.mapShiftToDto(..) | Result: NurseShiftResponseDto [id=9, nurseId=3, nurseFullName=Nurse ICU-N3, shiftDate=2026-05-19, shiftName=Evening, startTime=14:00, endTime=22:00, isSwapped=false]
2026-05-19T00:03:57.857+05:30  INFO 18332 --- [backend] [http-nio-8080-exec-2] c.h.backend.logger.aspect.LoggingAspect  : Exiting: NurseServiceImpl.mapShiftToDto(..) | Result: NurseShiftResponseDto [id=12, nurseId=4, nurseFullName=Nurse ICU-N4, shiftDate=2026-05-19, shiftName=Night, startTime=22:00, endTime=06:00, isSwapped=false]
2026-05-19T00:03:57.858+05:30  INFO 18332 --- [backend] [http-nio-8080-exec-2] c.h.backend.logger.aspect.LoggingAspect  : Exiting: NurseServiceImpl.mapShiftToDto(..) | Result: NurseShiftResponseDto [id=15, nurseId=5, nurseFullName=Nurse ICU-N5, shiftDate=2026-05-19, shiftName=Morning, startTime=06:00, endTime=14:00, isSwapped=false]
2026-05-19T00:03:57.858+05:30  INFO 18332 --- [backend] [http-nio-8080-exec-2] c.h.backend.logger.aspect.LoggingAspect  : Exiting: DashboardServiceImpl.getInchargeDashboard(..) | Result: InchargeDashboardDto [departmentName=ICU, totalNurses=5, assignedToday=5, unassignedToday=0, pendingApprovals=1, activeSwapRequests=1, todayAssignments=[NurseShiftResponseDto [id=3, nurseId=1, nurseFullName=Nurse ICU-N1, shiftDate=2026-05-19, shiftName=Night, startTime=22:00, endTime=06:00, isSwapped=false], NurseShiftResponseDto [id=6, nurseId=2, nurseFullName=Nurse ICU-N2, shiftDate=2026-05-19, shiftName=Morning, startTime=06:00, endTime=14:00, isSwapped=false], NurseShiftResponseDto [id=9, nurseId=3, nurseFullName=Nurse ICU-N3, shiftDate=2026-05-19, shiftName=Evening, startTime=14:00, endTime=22:00, isSwapped=false], NurseShiftResponseDto [id=12, nurseId=4, nurseFullName=Nurse ICU-N4, shiftDate=2026-05-19, shiftName=Night, startTime=22:00, endTime=06:00, isSwapped=false], NurseShiftResponseDto [id=15, nurseId=5, nurseFullName=Nurse ICU-N5, shiftDate=2026-05-19, shiftName=Morning, startTime=06:00, endTime=14:00, isSwapped=false]]]
2026-05-19T00:03:57.865+05:30  INFO 18332 --- [backend] [http-nio-8080-exec-2] c.h.b.l.i.ApiLoggingInterceptor          : Response: GET /api/dashboard/incharge | Status: 200
